Taxa bit representation:
38 1111111111111111111111111111111111111
loxodonta_africana 1000000000000000000000000000000000000
39 0111111111111111111111111111111111111
40 0111111111111111111111111110000000000
41 0111111000000000000000000000000000000
42 0111110000000000000000000000000000000
43 0111000000000000000000000000000000000
44 0110000000000000000000000000000000000
cavia_porcellus 0100000000000000000000000000000000000
chinchilla_lanigera 0010000000000000000000000000000000000
octodon_degus 0001000000000000000000000000000000000
45 0000110000000000000000000000000000000
heterocephalus_glaber_male 0000100000000000000000000000000000000
fukomys_damarensis 0000010000000000000000000000000000000
jaculus_jaculus 0000001000000000000000000000000000000
46 0000000111111111111111111110000000000
47 0000000110000000000000000000000000000
propithecus_coquereli 0000000100000000000000000000000000000
otolemur_garnettii 0000000010000000000000000000000000000
48 0000000001111111111111111110000000000
carlito_syrichta 0000000001000000000000000000000000000
49 0000000000111111111111111110000000000
50 0000000000111000000000000000000000000
51 0000000000110000000000000000000000000
saimiri_boliviensis_boliviensis 0000000000100000000000000000000000000
cebus_capucinus 0000000000010000000000000000000000000
aotus_nancymaae 0000000000001000000000000000000000000
52 0000000000000111111111111110000000000
53 0000000000000111110000000000000000000
54 0000000000000111100000000000000000000
55 0000000000000111000000000000000000000
56 0000000000000110000000000000000000000
pan_paniscus 0000000000000100000000000000000000000
pan_troglodytes 0000000000000010000000000000000000000
homo_sapiens 0000000000000001000000000000000000000
gorilla_gorilla 0000000000000000100000000000000000000
nomascus_leucogenys 0000000000000000010000000000000000000
57 0000000000000000001111111110000000000
58 0000000000000000001110000000000000000
59 0000000000000000001100000000000000000
rhinopithecus_roxellana 0000000000000000001000000000000000000
rhinopithecus_bieti 0000000000000000000100000000000000000
colobus_angolensis_palliatus 0000000000000000000010000000000000000
60 0000000000000000000001111110000000000
chlorocebus_sabaeus 0000000000000000000001000000000000000
61 0000000000000000000000111110000000000
62 0000000000000000000000110000000000000
mandrillus_leucophaeus 0000000000000000000000100000000000000
cercocebus_atys 0000000000000000000000010000000000000
63 0000000000000000000000001110000000000
64 0000000000000000000000001100000000000
macaca_mulatta 0000000000000000000000001000000000000
macaca_fascicularis 0000000000000000000000000100000000000
macaca_nemestrina 0000000000000000000000000010000000000
65 0000000000000000000000000001111111111
66 0000000000000000000000000001111111100
67 0000000000000000000000000001100000000
sus_scrofa 0000000000000000000000000001000000000
equus_caballus 0000000000000000000000000000100000000
68 0000000000000000000000000000011111100
69 0000000000000000000000000000011100000
70 0000000000000000000000000000011000000
panthera_pardus 0000000000000000000000000000010000000
panthera_tigris_altaica 0000000000000000000000000000001000000
felis_catus 0000000000000000000000000000000100000
71 0000000000000000000000000000000011100
canis_familiaris 0000000000000000000000000000000010000
72 0000000000000000000000000000000001100
mustela_putorius_furo 0000000000000000000000000000000001000
ailuropoda_melanoleuca 0000000000000000000000000000000000100
73 0000000000000000000000000000000000011
pteropus_vampyrus 0000000000000000000000000000000000010
myotis_lucifugus 0000000000000000000000000000000000001
Clade List (<taxon members> = <clade name>): 

>Dataset_0__partition_1
[0,D,0.00626,1000000000000000000000000000000000000,5,49:51:52:53:54]
[1,I,0.09641,0111111111111111111111111110000000000,1,28]
[2,I,0.17568,0111110000000000000000000000000000000,1,64]
[3,D,0.19625,0111110000000000000000000000000000000,1,275]
[4,I,0.25552,0111000000000000000000000000000000000,2,80:81]
[5,D,0.26422,0100000000000000000000000000000000000,4,294:295:296:302]
[6,I,0.31554,0100000000000000000000000000000000000,1,262]
[7,I,0.27249,0010000000000000000000000000000000000,4,298:299:300:301]
[8,D,0.36088,0010000000000000000000000000000000000,1,132]
[9,I,0.28387,0001000000000000000000000000000000000,1,297]
[10,D,0.35435,0001000000000000000000000000000000000,1,9]
[11,D,0.36388,0001000000000000000000000000000000000,2,421:422]
[12,D,0.24483,0000110000000000000000000000000000000,3,83:84:85]
[13,I,0.267,0000100000000000000000000000000000000,1,245]
[14,I,0.3014,0000010000000000000000000000000000000,2,279:280]
[15,I,0.15225,0000001000000000000000000000000000000,3,165:166:167]
[16,D,0.15657,0000001000000000000000000000000000000,7,351:352:353:354:355:356:357]
[17,D,0.19727,0000001000000000000000000000000000000,8,9:10:11:12:13:14:15:16]
[18,I,0.3091,0000001000000000000000000000000000000,1,403]
[19,I,0.37501,0000001000000000000000000000000000000,1,59]
[20,D,0.38256,0000001000000000000000000000000000000,2,154:155]
[21,I,0.42968,0000001000000000000000000000000000000,6,282:283:284:285:286:287]
[22,I,0.15877,0000000110000000000000000000000000000,1,378]
[23,I,0.21,0000000010000000000000000000000000000,2,345:346]
[24,D,0.21012,0000000010000000000000000000000000000,1,184]
[25,I,0.25498,0000000010000000000000000000000000000,1,309]
[26,I,0.15751,0000000000111111111111111110000000000,1,128]
[27,D,0.19277,0000000000111000000000000000000000000,1,195]
[28,D,0.25108,0000000000100000000000000000000000000,2,261:263]
[29,D,0.24097,0000000000010000000000000000000000000,1,236]
[30,D,0.22581,0000000000001000000000000000000000000,2,139:140]
[31,I,0.18577,0000000000000111111111111110000000000,1,42]
[32,I,0.18712,0000000000000111111111111110000000000,1,243]
[33,D,0.19706,0000000000000111110000000000000000000,1,348]
[34,I,0.21465,0000000000000000010000000000000000000,6,31:32:33:34:35:36]
[35,I,0.2044,0000000000000000001111111110000000000,1,50]
[36,I,0.21918,0000000000000000001110000000000000000,2,158:159]
[37,D,0.23459,0000000000000000001000000000000000000,2,281:288]
[38,I,0.23272,0000000000000000000100000000000000000,1,178]
[39,D,0.22372,0000000000000000000010000000000000000,1,288]
[40,I,0.2215,0000000000000000000001111110000000000,1,70]
[41,D,0.22648,0000000000000000000001111110000000000,1,307]
[42,D,0.23431,0000000000000000000001000000000000000,13,296:302:303:304:305:306:308:310:311:312:313:314:315]
[43,D,0.23534,0000000000000000000001000000000000000,1,192]
[44,I,0.23058,0000000000000000000000010000000000000,7,327:328:329:330:331:332:333]
[45,D,0.24228,0000000000000000000000001000000000000,1,115]
[46,I,0.11249,0000000000000000000000000001111111111,3,218:219:220]
[47,D,0.11689,0000000000000000000000000001111111111,2,185:186]
[48,D,0.13301,0000000000000000000000000001111111111,3,5:6:7]
[49,I,0.13501,0000000000000000000000000001111111111,11,204:208:209:210:211:212:213:214:215:216:217]
[50,D,0.22247,0000000000000000000000000001000000000,1,198]
[51,I,0.23227,0000000000000000000000000001000000000,1,372]
[52,D,0.2848,0000000000000000000000000001000000000,2,406:407]
[53,D,0.19323,0000000000000000000000000000100000000,1,191]
[54,D,0.22878,0000000000000000000000000000011100000,1,419]
[55,I,0.26228,0000000000000000000000000000011000000,1,45]
[56,I,0.21295,0000000000000000000000000000000011100,4,119:120:121:122]
[57,D,0.22436,0000000000000000000000000000000011100,5,98:99:100:101:102]
[58,I,0.25628,0000000000000000000000000000000000100,2,380:381]
[59,I,0.26894,0000000000000000000000000000000000100,1,153]
[60,I,0.16284,0000000000000000000000000000000000010,3,205:206:207]
[61,I,0.19169,0000000000000000000000000000000000010,9,391:392:393:394:395:396:397:398:399]
[62,D,0.21755,0000000000000000000000000000000000010,3,335:336:337]
[63,D,0.27146,0000000000000000000000000000000000010,2,307:308]
[64,I,0.29715,0000000000000000000000000000000000010,3,411:412:413]
[65,D,0.16146,0000000000000000000000000000000000001,1,232]
[66,I,0.20292,0000000000000000000000000000000000001,1,371]
[67,D,0.26029,0000000000000000000000000000000000001,2,351:352]
[68,D,0.3006,0000000000000000000000000000000000001,1,177]

GUIDE_TREE_PARTITION1=(loxodonta_africana:0.095892,((((((cavia_porcellus:0.208858,chinchilla_lanigera:0.135244):0.001254,octodon_degus:0.169875):0.046543,(heterocephalus_glaber_male:0.101112,fukomys_damarensis:0.086347):0.036850):0.078602,jaculus_jaculus:0.319937):0.017471,((propithecus_coquereli:0.081356,otolemur_garnettii:0.142100):0.057876,(carlito_syrichta:0.212550,(((saimiri_boliviensis_boliviensis:0.022961,cebus_capucinus:0.013045):0.007995,aotus_nancymaae:0.008932):0.039291,(((((pan_paniscus:0.003214,pan_troglodytes:0.003191):0.006410,homo_sapiens:0.012821):0.000004,gorilla_gorilla:0.000004):0.016138,nomascus_leucogenys:0.016136):0.003266,(((rhinopithecus_roxellana:0.003198,rhinopithecus_bieti:0.000004):0.013543,colobus_angolensis_palliatus:0.015560):0.000004,(chlorocebus_sabaeus:0.012920,((mandrillus_leucophaeus:0.000004,cercocebus_atys:0.006400):0.000004,((macaca_mulatta:0.000004,macaca_fascicularis:0.000004):0.000004,macaca_nemestrina:0.000004):0.012848):0.000004):0.010243):0.022288):0.014705):0.069087):0.000004):0.000004):0.031127,(((sus_scrofa:0.214375,equus_caballus:0.098771):0.006806,(((panthera_pardus:0.000004,panthera_tigris_altaica:0.000004):0.014066,felis_catus:0.013666):0.050705,(canis_familiaris:0.059775,(mustela_putorius_furo:0.056925,ailuropoda_melanoleuca:0.057490):0.000004):0.025219):0.059164):0.000004,(pteropus_vampyrus:0.165976,myotis_lucifugus:0.183682):0.016936):0.061170):0.081947);
