Taxa bit representation:
41 1111111111111111111111111111111111111111
loxodonta_africana 1000000000000000000000000000000000000000
42 0111111111111111111111111111111111111111
43 0111111111111111111111111111100000000000
44 0111111110000000000000000000000000000000
45 0111111000000000000000000000000000000000
46 0111110000000000000000000000000000000000
47 0111000000000000000000000000000000000000
48 0110000000000000000000000000000000000000
cavia_porcellus 0100000000000000000000000000000000000000
chinchilla_lanigera 0010000000000000000000000000000000000000
octodon_degus 0001000000000000000000000000000000000000
49 0000110000000000000000000000000000000000
heterocephalus_glaber_male 0000100000000000000000000000000000000000
fukomys_damarensis 0000010000000000000000000000000000000000
ictidomys_tridecemlineatus 0000001000000000000000000000000000000000
50 0000000110000000000000000000000000000000
dipodomys_ordii 0000000100000000000000000000000000000000
jaculus_jaculus 0000000010000000000000000000000000000000
51 0000000001111111111111111111100000000000
52 0000000001100000000000000000000000000000
propithecus_coquereli 0000000001000000000000000000000000000000
otolemur_garnettii 0000000000100000000000000000000000000000
53 0000000000011111111111111111100000000000
carlito_syrichta 0000000000010000000000000000000000000000
54 0000000000001111111111111111100000000000
55 0000000000001110000000000000000000000000
56 0000000000001100000000000000000000000000
saimiri_boliviensis_boliviensis 0000000000001000000000000000000000000000
cebus_capucinus 0000000000000100000000000000000000000000
aotus_nancymaae 0000000000000010000000000000000000000000
57 0000000000000001111111111111100000000000
58 0000000000000001111100000000000000000000
59 0000000000000001111000000000000000000000
60 0000000000000001110000000000000000000000
61 0000000000000001100000000000000000000000
pan_paniscus 0000000000000001000000000000000000000000
pan_troglodytes 0000000000000000100000000000000000000000
homo_sapiens 0000000000000000010000000000000000000000
gorilla_gorilla 0000000000000000001000000000000000000000
nomascus_leucogenys 0000000000000000000100000000000000000000
62 0000000000000000000011111111100000000000
63 0000000000000000000011100000000000000000
64 0000000000000000000011000000000000000000
rhinopithecus_roxellana 0000000000000000000010000000000000000000
rhinopithecus_bieti 0000000000000000000001000000000000000000
colobus_angolensis_palliatus 0000000000000000000000100000000000000000
65 0000000000000000000000011111100000000000
chlorocebus_sabaeus 0000000000000000000000010000000000000000
66 0000000000000000000000001111100000000000
67 0000000000000000000000001100000000000000
mandrillus_leucophaeus 0000000000000000000000001000000000000000
cercocebus_atys 0000000000000000000000000100000000000000
68 0000000000000000000000000011100000000000
69 0000000000000000000000000011000000000000
macaca_mulatta 0000000000000000000000000010000000000000
macaca_fascicularis 0000000000000000000000000001000000000000
macaca_nemestrina 0000000000000000000000000000100000000000
70 0000000000000000000000000000011111111111
sorex_araneus 0000000000000000000000000000010000000000
71 0000000000000000000000000000001111111111
72 0000000000000000000000000000001111111100
73 0000000000000000000000000000001100000000
sus_scrofa 0000000000000000000000000000001000000000
equus_caballus 0000000000000000000000000000000100000000
74 0000000000000000000000000000000011111100
75 0000000000000000000000000000000011100000
76 0000000000000000000000000000000011000000
panthera_pardus 0000000000000000000000000000000010000000
panthera_tigris_altaica 0000000000000000000000000000000001000000
felis_catus 0000000000000000000000000000000000100000
77 0000000000000000000000000000000000011100
canis_familiaris 0000000000000000000000000000000000010000
78 0000000000000000000000000000000000001100
mustela_putorius_furo 0000000000000000000000000000000000001000
ailuropoda_melanoleuca 0000000000000000000000000000000000000100
79 0000000000000000000000000000000000000011
pteropus_vampyrus 0000000000000000000000000000000000000010
myotis_lucifugus 0000000000000000000000000000000000000001
Clade List (<taxon members> = <clade name>): 

>Dataset_0__partition_1
[0,D,0.04378,1000000000000000000000000000000000000000,2,377:378]
[1,D,0.04692,1000000000000000000000000000000000000000,1,823]
[2,D,0.0586,1000000000000000000000000000000000000000,9,954:955:956:958:959:960:962:963:964]
[3,D,0.07765,1000000000000000000000000000000000000000,2,1060:1061]
[4,I,0.00887,0111111111111111111111111111111111111111,1,982]
[5,D,0.01957,0111111111111111111111111111111111111111,1,297]
[6,D,0.02422,0111111111111111111111111111111111111111,1,995]
[7,D,0.03236,0111111111111111111111111111111111111111,26,315:316:317:318:319:320:321:322:323:324:325:326:327:328:329:330:331:332:333:334:335:336:337:338:339:340]
[8,D,0.06617,0111111111111111111111111111111111111111,1,298]
[9,I,0.07051,0111111111111111111111111111111111111111,2,674:675]
[10,I,0.09579,0111111000000000000000000000000000000000,2,501:502]
[11,D,0.12189,0111110000000000000000000000000000000000,2,524:525]
[12,D,0.12601,0111110000000000000000000000000000000000,1,1047]
[13,D,0.15832,0111110000000000000000000000000000000000,1,622]
[14,I,0.16646,0111110000000000000000000000000000000000,1,682]
[15,I,0.18703,0111110000000000000000000000000000000000,5,931:932:933:934:935]
[16,I,0.19348,0111000000000000000000000000000000000000,1,1093]
[17,I,0.20483,0111000000000000000000000000000000000000,1,966]
[18,D,0.22315,0111000000000000000000000000000000000000,1,675]
[19,D,0.23804,0100000000000000000000000000000000000000,2,836:837]
[20,D,0.26946,0100000000000000000000000000000000000000,1,615]
[21,I,0.29864,0100000000000000000000000000000000000000,1,51]
[22,I,0.30937,0100000000000000000000000000000000000000,3,349:350:351]
[23,I,0.23807,0010000000000000000000000000000000000000,1,278]
[24,D,0.24978,0010000000000000000000000000000000000000,1,1062]
[25,I,0.25122,0010000000000000000000000000000000000000,1,342]
[26,I,0.2547,0010000000000000000000000000000000000000,1,1074]
[27,I,0.25532,0010000000000000000000000000000000000000,1,835]
[28,D,0.26494,0010000000000000000000000000000000000000,1,1059]
[29,I,0.23271,0001000000000000000000000000000000000000,1,24]
[30,I,0.23766,0001000000000000000000000000000000000000,1,1094]
[31,D,0.24233,0001000000000000000000000000000000000000,1,395]
[32,D,0.2994,0001000000000000000000000000000000000000,1,33]
[33,I,0.30307,0001000000000000000000000000000000000000,4,138:139:140:141]
[34,D,0.30564,0001000000000000000000000000000000000000,1,496]
[35,D,0.20827,0000110000000000000000000000000000000000,7,432:433:434:435:436:437:442]
[36,I,0.23781,0000100000000000000000000000000000000000,1,758]
[37,I,0.24306,0000100000000000000000000000000000000000,1,1033]
[38,D,0.23515,0000010000000000000000000000000000000000,10,487:488:489:490:491:492:494:495:496:497]
[39,I,0.25218,0000010000000000000000000000000000000000,1,182]
[40,I,0.25805,0000010000000000000000000000000000000000,1,816]
[41,I,0.26822,0000010000000000000000000000000000000000,2,929:930]
[42,D,0.2766,0000010000000000000000000000000000000000,2,954:955]
[43,D,0.28553,0000010000000000000000000000000000000000,1,366]
[44,D,0.29987,0000010000000000000000000000000000000000,1,533]
[45,D,0.30488,0000010000000000000000000000000000000000,1,266]
[46,D,0.32033,0000010000000000000000000000000000000000,1,1068]
[47,D,0.33182,0000010000000000000000000000000000000000,1,385]
[48,I,0.13764,0000001000000000000000000000000000000000,3,1037:1038:1039]
[49,D,0.14083,0000001000000000000000000000000000000000,4,286:287:288:289]
[50,D,0.14454,0000001000000000000000000000000000000000,1,197]
[51,I,0.15122,0000001000000000000000000000000000000000,3,796:797:798]
[52,D,0.17027,0000001000000000000000000000000000000000,4,573:574:575:576]
[53,I,0.17414,0000001000000000000000000000000000000000,2,659:660]
[54,I,0.19581,0000001000000000000000000000000000000000,2,635:636]
[55,I,0.21878,0000001000000000000000000000000000000000,1,236]
[56,D,0.22126,0000001000000000000000000000000000000000,1,949]
[57,I,0.27349,0000001000000000000000000000000000000000,3,207:208:209]
[58,D,0.29637,0000001000000000000000000000000000000000,1,527]
[59,I,0.09466,0000000110000000000000000000000000000000,1,284]
[60,D,0.10363,0000000110000000000000000000000000000000,1,239]
[61,D,0.12952,0000000100000000000000000000000000000000,1,250]
[62,I,0.16639,0000000100000000000000000000000000000000,1,241]
[63,D,0.16674,0000000100000000000000000000000000000000,1,1079]
[64,I,0.17094,0000000100000000000000000000000000000000,2,114:115]
[65,I,0.17437,0000000100000000000000000000000000000000,1,1085]
[66,D,0.19169,0000000100000000000000000000000000000000,1,672]
[67,I,0.20449,0000000100000000000000000000000000000000,2,842:843]
[68,D,0.2589,0000000100000000000000000000000000000000,24,669:670:671:673:674:675:676:677:678:679:680:681:683:684:685:686:687:688:689:690:691:692:693:694]
[69,D,0.27617,0000000100000000000000000000000000000000,4,17:18:19:20]
[70,D,0.28621,0000000100000000000000000000000000000000,1,534]
[71,I,0.3176,0000000100000000000000000000000000000000,2,83:84]
[72,D,0.32253,0000000100000000000000000000000000000000,17,829:830:831:832:833:834:836:837:838:839:840:841:842:843:844:845:846]
[73,I,0.15086,0000000010000000000000000000000000000000,2,1096:1097]
[74,D,0.15579,0000000010000000000000000000000000000000,1,1087]
[75,D,0.21139,0000000010000000000000000000000000000000,1,864]
[76,D,0.21459,0000000010000000000000000000000000000000,1,299]
[77,I,0.23137,0000000010000000000000000000000000000000,1,272]
[78,I,0.25606,0000000010000000000000000000000000000000,11,169:170:171:172:173:174:175:176:177:178:179]
[79,I,0.26262,0000000010000000000000000000000000000000,12,400:401:402:403:404:405:406:407:408:409:410:411]
[80,D,0.26742,0000000010000000000000000000000000000000,2,54:55]
[81,I,0.29268,0000000010000000000000000000000000000000,3,439:440:441]
[82,I,0.31703,0000000010000000000000000000000000000000,1,200]
[83,D,0.3239,0000000010000000000000000000000000000000,6,1036:1040:1041:1042:1043:1044]
[84,D,0.33321,0000000010000000000000000000000000000000,1,172]
[85,I,0.3461,0000000010000000000000000000000000000000,1,282]
[86,D,0.34755,0000000010000000000000000000000000000000,1,32]
[87,I,0.09404,0000000001111111111111111111100000000000,1,928]
[88,I,0.10166,0000000001100000000000000000000000000000,4,638:639:640:641]
[89,I,0.15245,0000000001000000000000000000000000000000,1,1048]
[90,D,0.15505,0000000001000000000000000000000000000000,1,967]
[91,D,0.15547,0000000000100000000000000000000000000000,3,99:100:102]
[92,D,0.18786,0000000000100000000000000000000000000000,1,42]
[93,D,0.20181,0000000000100000000000000000000000000000,1,899]
[94,D,0.2283,0000000000100000000000000000000000000000,1,397]
[95,I,0.23235,0000000000100000000000000000000000000000,2,968:969]
[96,D,0.23933,0000000000100000000000000000000000000000,2,378:379]
[97,I,0.25287,0000000000100000000000000000000000000000,3,855:856:857]
[98,I,0.28552,0000000000100000000000000000000000000000,38,445:446:447:448:449:450:451:452:453:454:455:456:457:458:459:460:461:462:463:464:465:466:467:468:469:470:471:472:473:474:475:476:477:478:479:480:481:482]
[99,D,0.28566,0000000000100000000000000000000000000000,3,596:597:598]
[100,D,0.1072,0000000000010000000000000000000000000000,1,75]
[101,D,0.11289,0000000000010000000000000000000000000000,2,874:875]
[102,I,0.12954,0000000000010000000000000000000000000000,29,706:707:708:709:710:711:712:713:714:715:716:717:718:719:720:721:722:723:724:725:726:727:728:729:730:731:732:733:734]
[103,D,0.15636,0000000000010000000000000000000000000000,11,1055:1056:1057:1058:1059:1060:1061:1062:1063:1064:1065]
[104,I,0.1591,0000000000010000000000000000000000000000,1,947]
[105,D,0.16774,0000000000010000000000000000000000000000,4,374:375:376:377]
[106,D,0.17171,0000000000010000000000000000000000000000,1,1021]
[107,D,0.19347,0000000000010000000000000000000000000000,2,59:60]
[108,I,0.20106,0000000000010000000000000000000000000000,1,347]
[109,I,0.21163,0000000000010000000000000000000000000000,1,768]
[110,I,0.21317,0000000000010000000000000000000000000000,1,1101]
[111,I,0.10125,0000000000001111111111111111100000000000,2,1007:1008]
[112,D,0.14145,0000000000001111111111111111100000000000,1,231]
[113,I,0.16376,0000000000001110000000000000000000000000,1,651]
[114,D,0.17649,0000000000001110000000000000000000000000,3,73:74:75]
[115,D,0.17808,0000000000001110000000000000000000000000,8,921:922:923:924:925:926:927:928]
[116,I,0.18043,0000000000001110000000000000000000000000,1,101]
[117,I,0.18826,0000000000001110000000000000000000000000,1,606]
[118,I,0.19806,0000000000001100000000000000000000000000,1,988]
[119,D,0.1981,0000000000001100000000000000000000000000,1,650]
[120,D,0.20386,0000000000001000000000000000000000000000,1,81]
[121,D,0.2357,0000000000001000000000000000000000000000,1,258]
[122,I,0.2049,0000000000000100000000000000000000000000,1,771]
[123,I,0.20619,0000000000000010000000000000000000000000,2,505:506]
[124,D,0.15633,0000000000000001111111111111100000000000,1,872]
[125,I,0.16684,0000000000000001111100000000000000000000,3,162:163:164]
[126,D,0.17083,0000000000000001111100000000000000000000,1,649]
[127,D,0.17704,0000000000000001111100000000000000000000,2,647:648]
[128,D,0.17791,0000000000000001111100000000000000000000,1,372]
[129,D,0.17903,0000000000000001111100000000000000000000,1,611]
[130,D,0.18408,0000000000000001111000000000000000000000,1,29]
[131,D,0.18924,0000000000000001110000000000000000000000,1,619]
[132,I,0.19246,0000000000000001100000000000000000000000,2,218:219]
[133,D,0.19435,0000000000000001000000000000000000000000,1,299]
[134,D,0.19469,0000000000000001000000000000000000000000,1,1031]
[135,D,0.19485,0000000000000001000000000000000000000000,1,123]
[136,I,0.19495,0000000000000001000000000000000000000000,1,65]
[137,D,0.19488,0000000000000000100000000000000000000000,1,703]
[138,I,0.19508,0000000000000000100000000000000000000000,19,775:776:777:778:779:780:781:782:783:784:785:786:787:788:789:790:791:792:793]
[139,D,0.19029,0000000000000000010000000000000000000000,3,802:804:805]
[140,I,0.19063,0000000000000000010000000000000000000000,1,950]
[141,D,0.19142,0000000000000000010000000000000000000000,5,247:248:249:250:251]
[142,I,0.20158,0000000000000000001000000000000000000000,1,517]
[143,D,0.20358,0000000000000000001000000000000000000000,1,953]
[144,I,0.18496,0000000000000000000100000000000000000000,1,76]
[145,I,0.19375,0000000000000000000100000000000000000000,1,149]
[146,I,0.17753,0000000000000000000011111111100000000000,1,292]
[147,I,0.18036,0000000000000000000011111111100000000000,2,820:821]
[148,I,0.18383,0000000000000000000011100000000000000000,2,520:521]
[149,I,0.19095,0000000000000000000010000000000000000000,3,511:512:513]
[150,D,0.19152,0000000000000000000001000000000000000000,9,948:949:951:952:953:954:955:956:958]
[151,I,0.19158,0000000000000000000001000000000000000000,4,214:215:216:217]
[152,D,0.18629,0000000000000000000000100000000000000000,2,52:53]
[153,D,0.18947,0000000000000000000000011111100000000000,1,1009]
[154,I,0.19145,0000000000000000000000001111100000000000,1,595]
[155,D,0.19338,0000000000000000000000000011100000000000,1,646]
[156,D,0.19957,0000000000000000000000000010000000000000,38,532:533:534:535:536:537:538:539:540:567:568:569:570:571:572:573:574:575:576:577:578:579:580:581:582:583:584:585:586:587:588:589:590:591:592:593:594:595]
[157,D,0.19966,0000000000000000000000000010000000000000,5,832:833:834:836:837]
[158,D,0.0753,0000000000000000000000000000011111111111,1,377]
[159,D,0.08818,0000000000000000000000000000011111111111,1,344]
[160,D,0.14132,0000000000000000000000000000010000000000,2,36:37]
[161,D,0.14518,0000000000000000000000000000010000000000,1,137]
[162,D,0.14589,0000000000000000000000000000010000000000,6,940:941:942:943:944:945]
[163,D,0.19176,0000000000000000000000000000010000000000,1,522]
[164,D,0.24397,0000000000000000000000000000010000000000,1,2]
[165,I,0.24801,0000000000000000000000000000010000000000,1,763]
[166,I,0.28314,0000000000000000000000000000010000000000,1,438]
[167,I,0.29786,0000000000000000000000000000010000000000,2,191:192]
[168,D,0.3293,0000000000000000000000000000010000000000,1,518]
[169,D,0.33389,0000000000000000000000000000010000000000,15,144:148:150:159:160:161:165:166:167:168:180:181:183:184:185]
[170,I,0.39333,0000000000000000000000000000010000000000,1,803]
[171,I,0.39799,0000000000000000000000000000010000000000,1,39]
[172,D,0.09727,0000000000000000000000000000001111111111,4,869:870:871:872]
[173,D,0.09874,0000000000000000000000000000001111111111,1,240]
[174,D,0.10331,0000000000000000000000000000001111111100,1,1050]
[175,I,0.10464,0000000000000000000000000000001111111100,3,985:986:987]
[176,I,0.10472,0000000000000000000000000000001100000000,1,486]
[177,I,0.10665,0000000000000000000000000000001000000000,1,795]
[178,I,0.11361,0000000000000000000000000000001000000000,4,308:309:310:311]
[179,D,0.19571,0000000000000000000000000000001000000000,1,532]
[180,D,0.27392,0000000000000000000000000000001000000000,1,379]
[181,I,0.11772,0000000000000000000000000000000100000000,1,14]
[182,I,0.12822,0000000000000000000000000000000100000000,1,897]
[183,D,0.12883,0000000000000000000000000000000100000000,9,1011:1012:1013:1014:1015:1016:1017:1018:1019]
[184,D,0.1373,0000000000000000000000000000000100000000,1,925]
[185,D,0.14347,0000000000000000000000000000000100000000,1,287]
[186,D,0.14356,0000000000000000000000000000000100000000,1,832]
[187,D,0.14649,0000000000000000000000000000000100000000,1,374]
[188,I,0.15736,0000000000000000000000000000000100000000,1,634]
[189,I,0.17488,0000000000000000000000000000000100000000,8,151:152:153:154:155:156:157:158]
[190,I,0.10477,0000000000000000000000000000000011111100,1,422]
[191,D,0.11938,0000000000000000000000000000000011111100,1,1049]
[192,I,0.12079,0000000000000000000000000000000011111100,2,10:11]
[193,D,0.12764,0000000000000000000000000000000011111100,1,302]
[194,D,0.14663,0000000000000000000000000000000011100000,1,828]
[195,D,0.16436,0000000000000000000000000000000011100000,1,213]
[196,I,0.20628,0000000000000000000000000000000011100000,1,1029]
[197,D,0.21562,0000000000000000000000000000000011100000,1,11]
[198,I,0.21905,0000000000000000000000000000000011100000,1,865]
[199,D,0.15468,0000000000000000000000000000000000010000,1,679]
[200,I,0.18293,0000000000000000000000000000000000010000,1,255]
[201,D,0.1963,0000000000000000000000000000000000010000,1,751]
[202,D,0.14764,0000000000000000000000000000000000001100,1,1079]
[203,I,0.15284,0000000000000000000000000000000000001100,1,961]
[204,I,0.15628,0000000000000000000000000000000000001100,1,800]
[205,I,0.16303,0000000000000000000000000000000000001100,3,145:146:147]
[206,I,0.19326,0000000000000000000000000000000000001000,1,7]
[207,I,0.17323,0000000000000000000000000000000000000100,4,849:850:851:852]
[208,I,0.18887,0000000000000000000000000000000000000100,2,388:389]
[209,D,0.23043,0000000000000000000000000000000000000100,1,690]
[210,I,0.23966,0000000000000000000000000000000000000100,1,493]
[211,D,0.24037,0000000000000000000000000000000000000100,1,954]
[212,I,0.10787,0000000000000000000000000000000000000011,1,913]
[213,D,0.11123,0000000000000000000000000000000000000011,1,819]
[214,D,0.12308,0000000000000000000000000000000000000011,1,695]
[215,I,0.12639,0000000000000000000000000000000000000010,1,296]
[216,D,0.14724,0000000000000000000000000000000000000010,1,109]
[217,D,0.15278,0000000000000000000000000000000000000010,1,767]
[218,I,0.18577,0000000000000000000000000000000000000010,12,737:738:739:740:741:742:743:744:745:746:747:748]
[219,I,0.19585,0000000000000000000000000000000000000010,26,541:542:543:544:545:546:547:548:549:550:551:552:553:554:555:556:557:558:559:560:561:562:563:564:565:566]
[220,I,0.20145,0000000000000000000000000000000000000010,2,643:644]
[221,I,0.20273,0000000000000000000000000000000000000010,4,262:263:264:265]
[222,D,0.2091,0000000000000000000000000000000000000010,2,876:877]
[223,D,0.21949,0000000000000000000000000000000000000010,5,133:134:135:136:137]
[224,I,0.2417,0000000000000000000000000000000000000010,1,125]
[225,D,0.2464,0000000000000000000000000000000000000010,5,251:252:253:254:256]
[226,I,0.24724,0000000000000000000000000000000000000010,1,393]
[227,I,0.25957,0000000000000000000000000000000000000010,5,424:425:426:427:428]
[228,D,0.26526,0000000000000000000000000000000000000010,1,620]
[229,D,0.1477,0000000000000000000000000000000000000001,1,374]
[230,D,0.18045,0000000000000000000000000000000000000001,35,662:663:664:665:666:667:668:669:670:671:672:673:674:675:676:677:678:679:680:681:683:684:685:686:687:688:689:690:691:692:693:694:696:697:698]
[231,I,0.24911,0000000000000000000000000000000000000001,1,353]
[232,I,0.25019,0000000000000000000000000000000000000001,1,957]
[233,I,0.26484,0000000000000000000000000000000000000001,1,1081]
[234,D,0.27415,0000000000000000000000000000000000000001,1,485]

GUIDE_TREE_PARTITION1=(loxodonta_africana:0.087493,(((((((cavia_porcellus:0.146213,chinchilla_lanigera:0.071532):0.000004,octodon_degus:0.115143):0.032711,(heterocephalus_glaber_male:0.052205,fukomys_damarensis:0.112229):0.033142):0.093418,ictidomys_tridecemlineatus:0.212574):0.004896,(dipodomys_ordii:0.216271,jaculus_jaculus:0.270853):0.017580):0.010352,((propithecus_coquereli:0.068021,otolemur_garnettii:0.150940):0.040194,(carlito_syrichta:0.160008,(((saimiri_boliviensis_boliviensis:0.042554,cebus_capucinus:0.011901):0.001371,aotus_nancymaae:0.014967):0.043859,(((((pan_paniscus:0.001429,pan_troglodytes:0.001422):0.004249,homo_sapiens:0.002829):0.001357,gorilla_gorilla:0.017256):0.007107,nomascus_leucogenys:0.020223):0.014659,(((rhinopithecus_roxellana:0.000004,rhinopithecus_bieti:0.001429):0.007118,colobus_angolensis_palliatus:0.008531):0.000004,(chlorocebus_sabaeus:0.007726,((mandrillus_leucophaeus:0.005648,cercocebus_atys:0.005643):0.000004,((macaca_mulatta:0.001409,macaca_fascicularis:0.001409):0.000004,macaca_nemestrina:0.004246):0.006125):0.001838):0.006779):0.017345):0.012742):0.056633):0.001737):0.011164):0.009556,(sorex_araneus:0.319001,(((sus_scrofa:0.191367,equus_caballus:0.142155):0.000004,(((panthera_pardus:0.003066,panthera_tigris_altaica:0.001496):0.011157,felis_catus:0.020096):0.089911,(canis_familiaris:0.107130,(mustela_putorius_furo:0.078178,ailuropoda_melanoleuca:0.082213):0.023240):0.010997):0.025493):0.004472,(pteropus_vampyrus:0.141741,myotis_lucifugus:0.156799):0.023464):0.004496):0.021101):0.074639);
