Taxa bit representation:
39 11111111111111111111111111111111111111
loxodonta_africana 10000000000000000000000000000000000000
40 01111111111111111111111111111111111111
41 01111111111111111111111111110000000000
42 01111111000000000000000000000000000000
43 01111100000000000000000000000000000000
44 01111000000000000000000000000000000000
45 01100000000000000000000000000000000000
cavia_porcellus 01000000000000000000000000000000000000
chinchilla_lanigera 00100000000000000000000000000000000000
46 00011000000000000000000000000000000000
heterocephalus_glaber_male 00010000000000000000000000000000000000
fukomys_damarensis 00001000000000000000000000000000000000
ictidomys_tridecemlineatus 00000100000000000000000000000000000000
47 00000011000000000000000000000000000000
dipodomys_ordii 00000010000000000000000000000000000000
jaculus_jaculus 00000001000000000000000000000000000000
48 00000000111111111111111111110000000000
49 00000000110000000000000000000000000000
propithecus_coquereli 00000000100000000000000000000000000000
otolemur_garnettii 00000000010000000000000000000000000000
50 00000000001111111111111111110000000000
carlito_syrichta 00000000001000000000000000000000000000
51 00000000000111111111111111110000000000
52 00000000000111000000000000000000000000
53 00000000000110000000000000000000000000
saimiri_boliviensis_boliviensis 00000000000100000000000000000000000000
cebus_capucinus 00000000000010000000000000000000000000
aotus_nancymaae 00000000000001000000000000000000000000
54 00000000000000111111111111110000000000
55 00000000000000111110000000000000000000
56 00000000000000111100000000000000000000
57 00000000000000111000000000000000000000
58 00000000000000110000000000000000000000
pan_paniscus 00000000000000100000000000000000000000
pan_troglodytes 00000000000000010000000000000000000000
homo_sapiens 00000000000000001000000000000000000000
gorilla_gorilla 00000000000000000100000000000000000000
nomascus_leucogenys 00000000000000000010000000000000000000
59 00000000000000000001111111110000000000
60 00000000000000000001110000000000000000
61 00000000000000000001100000000000000000
rhinopithecus_roxellana 00000000000000000001000000000000000000
rhinopithecus_bieti 00000000000000000000100000000000000000
colobus_angolensis_palliatus 00000000000000000000010000000000000000
62 00000000000000000000001111110000000000
chlorocebus_sabaeus 00000000000000000000001000000000000000
63 00000000000000000000000111110000000000
64 00000000000000000000000110000000000000
mandrillus_leucophaeus 00000000000000000000000100000000000000
cercocebus_atys 00000000000000000000000010000000000000
65 00000000000000000000000001110000000000
66 00000000000000000000000001100000000000
macaca_mulatta 00000000000000000000000001000000000000
macaca_fascicularis 00000000000000000000000000100000000000
macaca_nemestrina 00000000000000000000000000010000000000
67 00000000000000000000000000001111111111
68 00000000000000000000000000001111111100
69 00000000000000000000000000001100000000
sus_scrofa 00000000000000000000000000001000000000
equus_caballus 00000000000000000000000000000100000000
70 00000000000000000000000000000011111100
71 00000000000000000000000000000011100000
72 00000000000000000000000000000011000000
panthera_pardus 00000000000000000000000000000010000000
panthera_tigris_altaica 00000000000000000000000000000001000000
felis_catus 00000000000000000000000000000000100000
73 00000000000000000000000000000000011100
canis_familiaris 00000000000000000000000000000000010000
74 00000000000000000000000000000000001100
mustela_putorius_furo 00000000000000000000000000000000001000
ailuropoda_melanoleuca 00000000000000000000000000000000000100
75 00000000000000000000000000000000000011
pteropus_vampyrus 00000000000000000000000000000000000010
myotis_lucifugus 00000000000000000000000000000000000001
Clade List (<taxon members> = <clade name>): 

>Dataset_0__partition_1
[0,I,0.05281,10000000000000000000000000000000000000,13,151:152:153:154:155:156:157:158:159:160:161:162:163]
[1,D,0.02252,01111111111111111111111111111111111111,1,418]
[2,D,0.0771,01111111111111111111111111111111111111,1,347]
[3,I,0.12661,01111111111111111111111111110000000000,2,507:508]
[4,D,0.21642,01111100000000000000000000000000000000,1,69]
[5,I,0.25293,01111000000000000000000000000000000000,17,511:512:513:514:519:520:521:522:523:524:525:526:527:528:529:530:531]
[6,I,0.27067,01111000000000000000000000000000000000,1,169]
[7,I,0.29457,01111000000000000000000000000000000000,1,541]
[8,I,0.3007,01111000000000000000000000000000000000,6,179:181:182:183:184:185]
[9,D,0.3348,01111000000000000000000000000000000000,3,58:61:62]
[10,I,0.36815,01100000000000000000000000000000000000,6,21:22:23:24:25:26]
[11,I,0.38915,01000000000000000000000000000000000000,4,515:516:517:518]
[12,I,0.38931,01000000000000000000000000000000000000,1,176]
[13,I,0.39036,01000000000000000000000000000000000000,1,563]
[14,D,0.43299,01000000000000000000000000000000000000,2,491:492]
[15,D,0.46676,01000000000000000000000000000000000000,6,472:473:474:475:476:477]
[16,I,0.46888,01000000000000000000000000000000000000,1,344]
[17,I,0.49768,01000000000000000000000000000000000000,2,279:280]
[18,I,0.52846,01000000000000000000000000000000000000,1,180]
[19,I,0.40637,00100000000000000000000000000000000000,16,81:82:83:84:85:86:87:88:89:90:91:92:93:94:95:96]
[20,I,0.47402,00100000000000000000000000000000000000,1,251]
[21,D,0.36752,00011000000000000000000000000000000000,1,477]
[22,I,0.42066,00010000000000000000000000000000000000,1,479]
[23,D,0.40666,00001000000000000000000000000000000000,1,290]
[24,D,0.41154,00001000000000000000000000000000000000,1,471]
[25,D,0.22523,00000100000000000000000000000000000000,6,365:366:367:368:369:370]
[26,I,0.30908,00000100000000000000000000000000000000,4,41:42:43:44]
[27,D,0.32277,00000100000000000000000000000000000000,1,58]
[28,I,0.3966,00000100000000000000000000000000000000,1,389]
[29,I,0.23732,00000010000000000000000000000000000000,1,317]
[30,D,0.28126,00000010000000000000000000000000000000,1,383]
[31,D,0.35583,00000010000000000000000000000000000000,8,444:445:446:458:459:460:461:462]
[32,I,0.38793,00000010000000000000000000000000000000,5,124:125:126:127:128]
[33,I,0.42295,00000010000000000000000000000000000000,5,244:245:246:247:248]
[34,I,0.44315,00000010000000000000000000000000000000,1,19]
[35,D,0.22561,00000001000000000000000000000000000000,6,348:349:350:351:352:353]
[36,D,0.36004,00000001000000000000000000000000000000,2,510:532]
[37,D,0.42858,00000001000000000000000000000000000000,9,187:188:189:190:191:192:193:194:195]
[38,I,0.47277,00000001000000000000000000000000000000,2,226:227]
[39,D,0.49276,00000001000000000000000000000000000000,2,461:462]
[40,I,0.15968,00000000111111111111111111110000000000,1,533]
[41,D,0.19757,00000000110000000000000000000000000000,1,239]
[42,D,0.19955,00000000110000000000000000000000000000,2,499:500]
[43,D,0.31503,00000000100000000000000000000000000000,1,241]
[44,D,0.31583,00000000100000000000000000000000000000,1,429]
[45,D,0.35491,00000000010000000000000000000000000000,4,98:99:100:101]
[46,I,0.16383,00000000001111111111111111110000000000,8,253:254:255:256:257:258:259:260]
[47,I,0.18495,00000000001000000000000000000000000000,1,102]
[48,I,0.2322,00000000001000000000000000000000000000,11,447:448:449:450:451:452:453:454:455:456:457]
[49,D,0.23823,00000000001000000000000000000000000000,1,421]
[50,I,0.17014,00000000000111111111111111110000000000,2,16:17]
[51,D,0.27841,00000000000010000000000000000000000000,2,32:33]
[52,D,0.27231,00000000000001000000000000000000000000,5,286:287:288:289:290]
[53,D,0.27329,00000000000000111100000000000000000000,1,76]
[54,I,0.28244,00000000000000111100000000000000000000,1,72]
[55,I,0.3053,00000000000000010000000000000000000000,1,267]
[56,D,0.29376,00000000000000001000000000000000000000,11,276:277:278:281:282:283:286:287:288:289:290]
[57,D,0.28196,00000000000000000010000000000000000000,1,50]
[58,D,0.28885,00000000000000000000001111110000000000,1,492]
[59,I,0.29095,00000000000000000000001111110000000000,2,236:237]
[60,I,0.29403,00000000000000000000000001110000000000,3,310:311:312]
[61,D,0.29413,00000000000000000000000000010000000000,1,293]
[62,D,0.11666,00000000000000000000000000001111111111,2,118:119]
[63,I,0.12775,00000000000000000000000000001100000000,6,550:551:552:553:554:555]
[64,I,0.16993,00000000000000000000000000001000000000,2,469:470]
[65,D,0.17272,00000000000000000000000000001000000000,1,440]
[66,D,0.18835,00000000000000000000000000001000000000,1,204]
[67,I,0.20549,00000000000000000000000000001000000000,1,328]
[68,I,0.26551,00000000000000000000000000001000000000,1,482]
[69,D,0.1762,00000000000000000000000000000100000000,1,537]
[70,I,0.20385,00000000000000000000000000000100000000,1,498]
[71,D,0.18022,00000000000000000000000000000011111100,5,430:431:432:433:434]
[72,D,0.29632,00000000000000000000000000000011100000,1,133]
[73,I,0.32232,00000000000000000000000000000011100000,8,196:197:198:199:200:201:202:203]
[74,I,0.32788,00000000000000000000000000000011100000,1,147]
[75,D,0.34809,00000000000000000000000000000001000000,1,173]
[76,I,0.36056,00000000000000000000000000000000100000,1,403]
[77,D,0.23518,00000000000000000000000000000000011100,2,509:510]
[78,D,0.25124,00000000000000000000000000000000001100,1,107]
[79,D,0.2593,00000000000000000000000000000000001100,1,211]
[80,I,0.2642,00000000000000000000000000000000001100,3,66:67:68]
[81,D,0.29525,00000000000000000000000000000000001000,2,373:374]
[82,I,0.31025,00000000000000000000000000000000001000,2,284:285]
[83,D,0.32279,00000000000000000000000000000000001000,1,483]
[84,D,0.34194,00000000000000000000000000000000001000,1,547]
[85,I,0.3528,00000000000000000000000000000000001000,2,59:60]
[86,I,0.29406,00000000000000000000000000000000000100,1,207]
[87,D,0.30017,00000000000000000000000000000000000100,1,442]
[88,D,0.30155,00000000000000000000000000000000000100,1,113]
[89,D,0.13704,00000000000000000000000000000000000011,1,510]
[90,D,0.14668,00000000000000000000000000000000000011,2,329:330]
[91,I,0.15167,00000000000000000000000000000000000011,4,435:436:437:438]
[92,I,0.20613,00000000000000000000000000000000000010,1,110]
[93,I,0.21113,00000000000000000000000000000000000010,1,385]
[94,I,0.28942,00000000000000000000000000000000000010,7,303:304:305:306:307:308:309]
[95,D,0.17933,00000000000000000000000000000000000001,2,235:238]
[96,D,0.23612,00000000000000000000000000000000000001,3,358:359:360]

GUIDE_TREE_PARTITION1=(loxodonta_africana:0.057296,((((((cavia_porcellus:0.156891,chinchilla_lanigera:0.100590):0.018319,(heterocephalus_glaber_male:0.039558,fukomys_damarensis:0.083814):0.044952):0.140592,ictidomys_tridecemlineatus:0.248173):0.010965,(dipodomys_ordii:0.326269,jaculus_jaculus:0.320646):0.010246):0.059331,((propithecus_coquereli:0.085596,otolemur_garnettii:0.233990):0.074692,(carlito_syrichta:0.142920,(((saimiri_boliviensis_boliviensis:0.027803,cebus_capucinus:0.019176):0.007077,aotus_nancymaae:0.020673):0.030314,(((((pan_paniscus:0.002529,pan_troglodytes:0.005122):0.010187,homo_sapiens:0.000004):0.010350,gorilla_gorilla:0.012882):0.013837,nomascus_leucogenys:0.014685):0.009439,(((rhinopithecus_roxellana:0.000004,rhinopithecus_bieti:0.002546):0.005058,colobus_angolensis_palliatus:0.010277):0.009380,(chlorocebus_sabaeus:0.005090,((mandrillus_leucophaeus:0.000004,cercocebus_atys:0.002553):0.000004,((macaca_mulatta:0.000004,macaca_fascicularis:0.002553):0.000004,macaca_nemestrina:0.005091):0.000004):0.000004):0.008643):0.025244):0.021729):0.069476):0.005703):0.014671):0.035882,(((sus_scrofa:0.212842,equus_caballus:0.076422):0.000004,(((panthera_pardus:0.003112,panthera_tigris_altaica:0.003145):0.002346,felis_catus:0.052333):0.116754,(canis_familiaris:0.072612,(mustela_putorius_furo:0.112237,ailuropoda_melanoleuca:0.055425):0.029471):0.017861):0.101039):0.000004,(pteropus_vampyrus:0.186706,myotis_lucifugus:0.166061):0.025188):0.015068):0.112658);
