Taxa bit representation:
38 1111111111111111111111111111111111111
loxodonta_africana 1000000000000000000000000000000000000
39 0111111111111111111111111111111111111
40 0111111111111111111111111100000000000
41 0111111000000000000000000000000000000
42 0111110000000000000000000000000000000
43 0111100000000000000000000000000000000
44 0110000000000000000000000000000000000
chinchilla_lanigera 0100000000000000000000000000000000000
octodon_degus 0010000000000000000000000000000000000
45 0001100000000000000000000000000000000
heterocephalus_glaber_male 0001000000000000000000000000000000000
fukomys_damarensis 0000100000000000000000000000000000000
ictidomys_tridecemlineatus 0000010000000000000000000000000000000
dipodomys_ordii 0000001000000000000000000000000000000
46 0000000111111111111111111100000000000
47 0000000110000000000000000000000000000
propithecus_coquereli 0000000100000000000000000000000000000
otolemur_garnettii 0000000010000000000000000000000000000
48 0000000001111111111111111100000000000
49 0000000001110000000000000000000000000
50 0000000001100000000000000000000000000
saimiri_boliviensis_boliviensis 0000000001000000000000000000000000000
cebus_capucinus 0000000000100000000000000000000000000
aotus_nancymaae 0000000000010000000000000000000000000
51 0000000000001111111111111100000000000
52 0000000000001111100000000000000000000
53 0000000000001111000000000000000000000
54 0000000000001110000000000000000000000
55 0000000000001100000000000000000000000
pan_paniscus 0000000000001000000000000000000000000
pan_troglodytes 0000000000000100000000000000000000000
homo_sapiens 0000000000000010000000000000000000000
gorilla_gorilla 0000000000000001000000000000000000000
nomascus_leucogenys 0000000000000000100000000000000000000
56 0000000000000000011111111100000000000
57 0000000000000000011100000000000000000
58 0000000000000000011000000000000000000
rhinopithecus_roxellana 0000000000000000010000000000000000000
rhinopithecus_bieti 0000000000000000001000000000000000000
colobus_angolensis_palliatus 0000000000000000000100000000000000000
59 0000000000000000000011111100000000000
chlorocebus_sabaeus 0000000000000000000010000000000000000
60 0000000000000000000001111100000000000
61 0000000000000000000001100000000000000
mandrillus_leucophaeus 0000000000000000000001000000000000000
cercocebus_atys 0000000000000000000000100000000000000
62 0000000000000000000000011100000000000
63 0000000000000000000000011000000000000
macaca_mulatta 0000000000000000000000010000000000000
macaca_fascicularis 0000000000000000000000001000000000000
macaca_nemestrina 0000000000000000000000000100000000000
64 0000000000000000000000000011111111111
sorex_araneus 0000000000000000000000000010000000000
65 0000000000000000000000000001111111111
66 0000000000000000000000000001111111100
67 0000000000000000000000000001100000000
sus_scrofa 0000000000000000000000000001000000000
equus_caballus 0000000000000000000000000000100000000
68 0000000000000000000000000000011111100
69 0000000000000000000000000000011100000
70 0000000000000000000000000000011000000
panthera_pardus 0000000000000000000000000000010000000
panthera_tigris_altaica 0000000000000000000000000000001000000
felis_catus 0000000000000000000000000000000100000
71 0000000000000000000000000000000011100
canis_familiaris 0000000000000000000000000000000010000
72 0000000000000000000000000000000001100
mustela_putorius_furo 0000000000000000000000000000000001000
ailuropoda_melanoleuca 0000000000000000000000000000000000100
73 0000000000000000000000000000000000011
pteropus_vampyrus 0000000000000000000000000000000000010
myotis_lucifugus 0000000000000000000000000000000000001
Clade List (<taxon members> = <clade name>): 

>Dataset_0__partition_1
[0,D,0.00617,1000000000000000000000000000000000000,2,270:271]
[1,D,0.14228,0111111111111111111111111111111111111,1,106]
[2,I,0.17434,0111111111111111111111111100000000000,1,317]
[3,D,0.18438,0111111111111111111111111100000000000,1,266]
[4,D,0.23361,0111111000000000000000000000000000000,1,130]
[5,I,0.27077,0111100000000000000000000000000000000,1,46]
[6,D,0.46135,0110000000000000000000000000000000000,1,316]
[7,D,0.51861,0100000000000000000000000000000000000,3,8:9:10]
[8,I,0.55958,0100000000000000000000000000000000000,1,147]
[9,D,0.5711,0100000000000000000000000000000000000,2,20:21]
[10,D,0.58433,0100000000000000000000000000000000000,1,37]
[11,D,0.64746,0100000000000000000000000000000000000,1,241]
[12,D,0.67222,0100000000000000000000000000000000000,1,131]
[13,I,0.50165,0010000000000000000000000000000000000,8,55:56:57:58:59:60:61:62]
[14,I,0.53016,0010000000000000000000000000000000000,2,376:377]
[15,D,0.53694,0010000000000000000000000000000000000,1,216]
[16,D,0.72791,0010000000000000000000000000000000000,1,286]
[17,I,0.52035,0001000000000000000000000000000000000,1,310]
[18,D,0.55366,0001000000000000000000000000000000000,3,188:190:191]
[19,D,0.49433,0000100000000000000000000000000000000,1,303]
[20,I,0.54378,0000100000000000000000000000000000000,1,298]
[21,I,0.26969,0000010000000000000000000000000000000,3,334:335:336]
[22,I,0.38792,0000010000000000000000000000000000000,1,339]
[23,I,0.4321,0000010000000000000000000000000000000,1,235]
[24,D,0.48926,0000010000000000000000000000000000000,5,150:151:152:153:154]
[25,D,0.51289,0000010000000000000000000000000000000,1,313]
[26,D,0.29383,0000001000000000000000000000000000000,1,73]
[27,D,0.30511,0000001000000000000000000000000000000,8,146:148:149:150:151:152:153:154]
[28,D,0.33234,0000001000000000000000000000000000000,1,369]
[29,D,0.52596,0000001000000000000000000000000000000,1,2]
[30,D,0.60558,0000001000000000000000000000000000000,1,140]
[31,I,0.63311,0000001000000000000000000000000000000,2,282:283]
[32,I,0.29887,0000000100000000000000000000000000000,11,118:119:120:121:122:123:124:125:126:127:128]
[33,I,0.32564,0000000100000000000000000000000000000,2,342:343]
[34,D,0.28433,0000000010000000000000000000000000000,1,148]
[35,I,0.3398,0000000010000000000000000000000000000,1,325]
[36,I,0.35022,0000000010000000000000000000000000000,2,5:6]
[37,I,0.42807,0000000010000000000000000000000000000,2,171:172]
[38,D,0.24143,0000000001111111111111111100000000000,1,296]
[39,I,0.34588,0000000001111111111111111100000000000,1,239]
[40,I,0.42362,0000000001000000000000000000000000000,1,308]
[41,D,0.39451,0000000000010000000000000000000000000,1,103]
[42,D,0.41,0000000000010000000000000000000000000,1,18]
[43,I,0.41246,0000000000010000000000000000000000000,2,230:231]
[44,I,0.35879,0000000000001111100000000000000000000,1,370]
[45,D,0.37563,0000000000001111000000000000000000000,6,93:94:95:96:97:98]
[46,I,0.38281,0000000000001000000000000000000000000,1,321]
[47,I,0.3832,0000000000001000000000000000000000000,3,207:208:209]
[48,I,0.39114,0000000000000001000000000000000000000,3,194:195:196]
[49,I,0.37963,0000000000000000100000000000000000000,1,31]
[50,D,0.37188,0000000000000000011111111100000000000,4,2:3:4:7]
[51,D,0.38072,0000000000000000011100000000000000000,1,143]
[52,I,0.39196,0000000000000000000100000000000000000,1,279]
[53,I,0.39159,0000000000000000000001111100000000000,1,358]
[54,I,0.39232,0000000000000000000000011100000000000,1,84]
[55,I,0.39888,0000000000000000000000000100000000000,1,87]
[56,D,0.21461,0000000000000000000000000010000000000,6,353:354:355:356:357:359]
[57,I,0.27199,0000000000000000000000000010000000000,1,189]
[58,D,0.31509,0000000000000000000000000010000000000,1,211]
[59,D,0.32433,0000000000000000000000000010000000000,1,117]
[60,D,0.3263,0000000000000000000000000010000000000,2,328:329]
[61,D,0.35446,0000000000000000000000000010000000000,2,108:109]
[62,D,0.53037,0000000000000000000000000010000000000,2,37:42]
[63,I,0.73904,0000000000000000000000000010000000000,1,158]
[64,I,0.24766,0000000000000000000000000001000000000,1,367]
[65,D,0.27477,0000000000000000000000000001000000000,1,2]
[66,I,0.33603,0000000000000000000000000001000000000,2,289:290]
[67,D,0.34554,0000000000000000000000000001000000000,1,257]
[68,D,0.28634,0000000000000000000000000000100000000,1,363]
[69,D,0.21942,0000000000000000000000000000011111100,3,133:134:135]
[70,D,0.24168,0000000000000000000000000000011111100,1,268]
[71,I,0.29574,0000000000000000000000000000011100000,1,323]
[72,I,0.37749,0000000000000000000000000000011100000,1,263]
[73,D,0.40276,0000000000000000000000000000011000000,1,368]
[74,D,0.40369,0000000000000000000000000000011000000,1,225]
[75,I,0.40624,0000000000000000000000000000011000000,2,184:185]
[76,D,0.41028,0000000000000000000000000000000100000,1,295]
[77,I,0.3276,0000000000000000000000000000000010000,1,362]
[78,D,0.36413,0000000000000000000000000000000000100,2,139:140]
[79,I,0.24439,0000000000000000000000000000000000010,3,26:27:28]
[80,D,0.24598,0000000000000000000000000000000000010,1,273]
[81,I,0.33444,0000000000000000000000000000000000010,4,38:39:40:41]
[82,D,0.38449,0000000000000000000000000000000000010,1,33]
[83,D,0.29611,0000000000000000000000000000000000001,4,81:82:83:85]
[84,D,0.32204,0000000000000000000000000000000000001,14,368:369:371:372:373:374:375:378:379:380:381:382:383:384]

GUIDE_TREE_PARTITION1=(loxodonta_africana:0.120793,((((((chinchilla_lanigera:0.198818,octodon_degus:0.355207):0.072523,(heterocephalus_glaber_male:0.090287,fukomys_damarensis:0.104466):0.060641):0.186390,ictidomys_tridecemlineatus:0.270546):0.000004,dipodomys_ordii:0.391941):0.038022,((propithecus_coquereli:0.073616,otolemur_garnettii:0.188870):0.029729,(((saimiri_boliviensis_boliviensis:0.047656,cebus_capucinus:0.039437):0.001841,aotus_nancymaae:0.022651):0.044860,(((((pan_paniscus:0.003611,pan_troglodytes:0.003591):0.000004,homo_sapiens:0.010880):0.003381,gorilla_gorilla:0.014792):0.015021,nomascus_leucogenys:0.030016):0.007495,(((rhinopithecus_roxellana:0.003709,rhinopithecus_bieti:0.003563):0.018078,colobus_angolensis_palliatus:0.015154):0.003222,(chlorocebus_sabaeus:0.014603,((mandrillus_leucophaeus:0.000004,cercocebus_atys:0.007272):0.000004,((macaca_mulatta:0.000004,macaca_fascicularis:0.000004):0.000004,macaca_nemestrina:0.000004):0.007292):0.000004):0.011874):0.025863):0.007959):0.118189):0.023086):0.035028,(sorex_araneus:0.555572,(((sus_scrofa:0.210818,equus_caballus:0.107302):0.000004,(((panthera_pardus:0.003703,panthera_tigris_altaica:0.000004):0.027460,felis_catus:0.018537):0.109605,(canis_familiaris:0.096219,(mustela_putorius_furo:0.105028,ailuropoda_melanoleuca:0.064630):0.022655):0.012329):0.086685):0.000004,(pteropus_vampyrus:0.214284,myotis_lucifugus:0.204567):0.022222):0.000004):0.036254):0.169575);
