Taxa bit representation:
40 111111111111111111111111111111111111111
loxodonta_africana 100000000000000000000000000000000000000
41 011111111111111111111111111111111111111
42 011111111111111111111111111100000000000
43 011111111000000000000000000000000000000
44 011111100000000000000000000000000000000
45 011111000000000000000000000000000000000
46 011100000000000000000000000000000000000
47 011000000000000000000000000000000000000
cavia_porcellus 010000000000000000000000000000000000000
chinchilla_lanigera 001000000000000000000000000000000000000
octodon_degus 000100000000000000000000000000000000000
48 000011000000000000000000000000000000000
heterocephalus_glaber_male 000010000000000000000000000000000000000
fukomys_damarensis 000001000000000000000000000000000000000
ictidomys_tridecemlineatus 000000100000000000000000000000000000000
49 000000011000000000000000000000000000000
dipodomys_ordii 000000010000000000000000000000000000000
jaculus_jaculus 000000001000000000000000000000000000000
50 000000000111111111111111111100000000000
51 000000000110000000000000000000000000000
propithecus_coquereli 000000000100000000000000000000000000000
otolemur_garnettii 000000000010000000000000000000000000000
52 000000000001111111111111111100000000000
53 000000000001110000000000000000000000000
54 000000000001100000000000000000000000000
saimiri_boliviensis_boliviensis 000000000001000000000000000000000000000
cebus_capucinus 000000000000100000000000000000000000000
aotus_nancymaae 000000000000010000000000000000000000000
55 000000000000001111111111111100000000000
56 000000000000001111100000000000000000000
57 000000000000001111000000000000000000000
58 000000000000001110000000000000000000000
59 000000000000001100000000000000000000000
pan_paniscus 000000000000001000000000000000000000000
pan_troglodytes 000000000000000100000000000000000000000
homo_sapiens 000000000000000010000000000000000000000
gorilla_gorilla 000000000000000001000000000000000000000
nomascus_leucogenys 000000000000000000100000000000000000000
60 000000000000000000011111111100000000000
61 000000000000000000011100000000000000000
62 000000000000000000011000000000000000000
rhinopithecus_roxellana 000000000000000000010000000000000000000
rhinopithecus_bieti 000000000000000000001000000000000000000
colobus_angolensis_palliatus 000000000000000000000100000000000000000
63 000000000000000000000011111100000000000
chlorocebus_sabaeus 000000000000000000000010000000000000000
64 000000000000000000000001111100000000000
65 000000000000000000000001100000000000000
mandrillus_leucophaeus 000000000000000000000001000000000000000
cercocebus_atys 000000000000000000000000100000000000000
66 000000000000000000000000011100000000000
67 000000000000000000000000011000000000000
macaca_mulatta 000000000000000000000000010000000000000
macaca_fascicularis 000000000000000000000000001000000000000
macaca_nemestrina 000000000000000000000000000100000000000
68 000000000000000000000000000011111111111
sorex_araneus 000000000000000000000000000010000000000
69 000000000000000000000000000001111111111
70 000000000000000000000000000001111111100
71 000000000000000000000000000001100000000
sus_scrofa 000000000000000000000000000001000000000
equus_caballus 000000000000000000000000000000100000000
72 000000000000000000000000000000011111100
73 000000000000000000000000000000011100000
74 000000000000000000000000000000011000000
panthera_pardus 000000000000000000000000000000010000000
panthera_tigris_altaica 000000000000000000000000000000001000000
felis_catus 000000000000000000000000000000000100000
75 000000000000000000000000000000000011100
canis_familiaris 000000000000000000000000000000000010000
76 000000000000000000000000000000000001100
mustela_putorius_furo 000000000000000000000000000000000001000
ailuropoda_melanoleuca 000000000000000000000000000000000000100
77 000000000000000000000000000000000000011
pteropus_vampyrus 000000000000000000000000000000000000010
myotis_lucifugus 000000000000000000000000000000000000001
Clade List (<taxon members> = <clade name>): 

>Dataset_0__partition_1
[0,D,0.02454,100000000000000000000000000000000000000,7,13:18:19:20:21:22:23]
[1,I,0.04421,100000000000000000000000000000000000000,1,226]
[2,D,0.05182,100000000000000000000000000000000000000,1,293]
[3,I,0.08182,100000000000000000000000000000000000000,1,345]
[4,D,0.03453,011111111111111111111111111111111111111,1,82]
[5,I,0.04608,011111111111111111111111111111111111111,2,656:657]
[6,D,0.0789,011111111111111111111111111111111111111,1,263]
[7,I,0.081,011111111111111111111111111111111111111,1,330]
[8,D,0.12468,011111111111111111111111111100000000000,3,310:311:312]
[9,D,0.19951,011111000000000000000000000000000000000,2,37:38]
[10,I,0.20064,011111000000000000000000000000000000000,3,214:215:216]
[11,I,0.26643,011100000000000000000000000000000000000,1,455]
[12,I,0.26786,011100000000000000000000000000000000000,1,106]
[13,I,0.2787,011000000000000000000000000000000000000,25,502:503:504:505:506:507:508:509:510:511:512:513:514:515:516:517:518:519:520:535:536:537:538:539:540]
[14,I,0.30489,010000000000000000000000000000000000000,5,378:379:380:381:382]
[15,I,0.31845,010000000000000000000000000000000000000,14,521:522:523:524:525:526:527:528:529:530:531:532:533:534]
[16,I,0.31854,010000000000000000000000000000000000000,1,619]
[17,D,0.32033,010000000000000000000000000000000000000,1,433]
[18,I,0.34597,010000000000000000000000000000000000000,1,473]
[19,D,0.4053,010000000000000000000000000000000000000,1,592]
[20,I,0.33578,001000000000000000000000000000000000000,7,279:280:281:282:283:284:285]
[21,I,0.3491,001000000000000000000000000000000000000,2,607:608]
[22,D,0.36507,001000000000000000000000000000000000000,1,341]
[23,D,0.32987,000100000000000000000000000000000000000,2,442:443]
[24,I,0.35585,000100000000000000000000000000000000000,2,74:75]
[25,D,0.37597,000100000000000000000000000000000000000,1,130]
[26,D,0.38346,000100000000000000000000000000000000000,10,682:683:684:685:686:687:688:689:690:691]
[27,D,0.39108,000100000000000000000000000000000000000,2,347:348]
[28,I,0.43085,000100000000000000000000000000000000000,1,81]
[29,I,0.2642,000011000000000000000000000000000000000,1,428]
[30,I,0.27397,000010000000000000000000000000000000000,1,308]
[31,D,0.27436,000010000000000000000000000000000000000,1,181]
[32,D,0.30054,000010000000000000000000000000000000000,5,93:94:95:96:97]
[33,I,0.32849,000010000000000000000000000000000000000,9,446:447:448:449:450:451:452:453:454]
[34,I,0.3535,000010000000000000000000000000000000000,1,275]
[35,D,0.30409,000001000000000000000000000000000000000,4,331:332:333:334]
[36,I,0.30475,000001000000000000000000000000000000000,1,622]
[37,I,0.32201,000001000000000000000000000000000000000,1,338]
[38,D,0.35305,000001000000000000000000000000000000000,1,683]
[39,D,0.37329,000001000000000000000000000000000000000,1,202]
[40,I,0.37494,000001000000000000000000000000000000000,3,498:499:500]
[41,D,0.20899,000000100000000000000000000000000000000,2,71:72]
[42,I,0.2181,000000100000000000000000000000000000000,3,439:440:441]
[43,D,0.29757,000000100000000000000000000000000000000,1,671]
[44,D,0.31408,000000100000000000000000000000000000000,4,654:655:656:657]
[45,I,0.3249,000000100000000000000000000000000000000,2,303:304]
[46,D,0.33038,000000100000000000000000000000000000000,1,128]
[47,D,0.34904,000000100000000000000000000000000000000,1,390]
[48,I,0.35559,000000100000000000000000000000000000000,3,558:559:560]
[49,I,0.16313,000000011000000000000000000000000000000,1,41]
[50,D,0.16957,000000011000000000000000000000000000000,1,104]
[51,D,0.17089,000000011000000000000000000000000000000,10,335:336:337:339:340:341:342:343:344:346]
[52,I,0.17659,000000011000000000000000000000000000000,2,678:679]
[53,I,0.21172,000000010000000000000000000000000000000,1,208]
[54,D,0.24234,000000010000000000000000000000000000000,1,251]
[55,D,0.26388,000000010000000000000000000000000000000,2,358:359]
[56,D,0.33839,000000010000000000000000000000000000000,2,465:466]
[57,I,0.18476,000000001000000000000000000000000000000,1,324]
[58,I,0.35752,000000001000000000000000000000000000000,2,43:44]
[59,D,0.36433,000000001000000000000000000000000000000,2,635:636]
[60,I,0.51508,000000001000000000000000000000000000000,1,626]
[61,I,0.53546,000000001000000000000000000000000000000,3,269:270:271]
[62,D,0.62587,000000001000000000000000000000000000000,1,691]
[63,D,0.64292,000000001000000000000000000000000000000,1,611]
[64,D,0.14191,000000000111111111111111111100000000000,4,563:564:565:568]
[65,I,0.14783,000000000110000000000000000000000000000,5,314:315:316:317:318]
[66,D,0.16796,000000000110000000000000000000000000000,1,624]
[67,D,0.20115,000000000100000000000000000000000000000,1,160]
[68,D,0.19147,000000000010000000000000000000000000000,1,236]
[69,D,0.27604,000000000010000000000000000000000000000,4,424:425:426:427]
[70,D,0.29402,000000000010000000000000000000000000000,1,264]
[71,I,0.29454,000000000010000000000000000000000000000,2,113:114]
[72,I,0.30471,000000000010000000000000000000000000000,1,462]
[73,D,0.14882,000000000001111111111111111100000000000,2,248:249]
[74,D,0.1688,000000000001111111111111111100000000000,2,2:3]
[75,D,0.1912,000000000001111111111111111100000000000,1,562]
[76,I,0.2262,000000000001110000000000000000000000000,23,132:133:134:135:136:137:138:139:140:141:142:143:144:145:146:147:148:149:150:151:152:153:154]
[77,D,0.26066,000000000001110000000000000000000000000,1,640]
[78,I,0.28685,000000000001100000000000000000000000000,1,224]
[79,I,0.29853,000000000000100000000000000000000000000,2,176:177]
[80,I,0.2887,000000000000010000000000000000000000000,4,169:170:171:172]
[81,I,0.22688,000000000000001111111111111100000000000,1,555]
[82,D,0.23689,000000000000001111111111111100000000000,1,661]
[83,I,0.24428,000000000000001111000000000000000000000,2,673:674]
[84,I,0.24854,000000000000001111000000000000000000000,4,14:15:16:17]
[85,I,0.25351,000000000000001111000000000000000000000,1,367]
[86,D,0.25848,000000000000001100000000000000000000000,1,606]
[87,D,0.25884,000000000000001000000000000000000000000,9,273:274:276:277:278:286:287:288:289]
[88,I,0.25319,000000000000000000100000000000000000000,1,575]
[89,I,0.25236,000000000000000000011100000000000000000,1,192]
[90,D,0.25253,000000000000000000011100000000000000000,2,689:690]
[91,I,0.26744,000000000000000000001000000000000000000,1,621]
[92,D,0.26389,000000000000000000000100000000000000000,4,195:196:197:198]
[93,D,0.25378,000000000000000000000011111100000000000,3,590:591:592]
[94,D,0.26345,000000000000000000000010000000000000000,2,599:600]
[95,I,0.25727,000000000000000000000001100000000000000,1,260]
[96,I,0.26145,000000000000000000000001100000000000000,1,573]
[97,I,0.26159,000000000000000000000000100000000000000,3,290:291:292]
[98,D,0.25743,000000000000000000000000011000000000000,1,298]
[99,I,0.25803,000000000000000000000000010000000000000,5,350:351:352:353:354]
[100,D,0.19911,000000000000000000000000000010000000000,1,93]
[101,I,0.22354,000000000000000000000000000010000000000,1,546]
[102,D,0.24347,000000000000000000000000000010000000000,3,3:4:5]
[103,D,0.24428,000000000000000000000000000010000000000,1,568]
[104,D,0.24824,000000000000000000000000000010000000000,1,413]
[105,I,0.26129,000000000000000000000000000010000000000,3,64:65:66]
[106,D,0.13997,000000000000000000000000000001111111111,1,83]
[107,D,0.14221,000000000000000000000000000001111111100,5,174:175:178:179:180]
[108,I,0.16081,000000000000000000000000000001000000000,3,647:648:649]
[109,I,0.17721,000000000000000000000000000001000000000,2,124:125]
[110,D,0.25714,000000000000000000000000000001000000000,24,13:18:19:20:21:22:23:24:25:26:27:28:29:30:31:32:33:34:35:36:37:38:39:40]
[111,D,0.31507,000000000000000000000000000001000000000,1,361]
[112,D,0.34962,000000000000000000000000000001000000000,1,600]
[113,I,0.14833,000000000000000000000000000000011111100,2,566:567]
[114,D,0.22167,000000000000000000000000000000011100000,2,309:310]
[115,I,0.23084,000000000000000000000000000000011100000,1,306]
[116,D,0.2772,000000000000000000000000000000011000000,1,445]
[117,D,0.27694,000000000000000000000000000000000100000,25,374:375:376:377:383:384:385:386:387:388:389:390:391:392:393:394:396:397:398:399:400:401:402:403:404]
[118,D,0.19472,000000000000000000000000000000000011100,2,261:262]
[119,D,0.23854,000000000000000000000000000000000010000,1,605]
[120,I,0.21081,000000000000000000000000000000000001000,1,416]
[121,I,0.24433,000000000000000000000000000000000001000,1,602]
[122,D,0.2191,000000000000000000000000000000000000100,1,467]
[123,I,0.22887,000000000000000000000000000000000000100,1,221]
[124,I,0.14287,000000000000000000000000000000000000011,2,362:363]
[125,D,0.16819,000000000000000000000000000000000000011,1,493]
[126,D,0.18632,000000000000000000000000000000000000010,1,360]
[127,D,0.19785,000000000000000000000000000000000000010,1,297]
[128,D,0.20797,000000000000000000000000000000000000010,1,457]
[129,I,0.32105,000000000000000000000000000000000000010,1,395]

GUIDE_TREE_PARTITION1=(loxodonta_africana:0.086920,(((((((cavia_porcellus:0.145383,chinchilla_lanigera:0.102678):0.000004,octodon_degus:0.156265):0.020432,(heterocephalus_glaber_male:0.084008,fukomys_damarensis:0.116384):0.012175):0.092962,ictidomys_tridecemlineatus:0.225949):0.007350,(dipodomys_ordii:0.202364,jaculus_jaculus:0.503311):0.022552):0.016432,((propithecus_coquereli:0.074053,otolemur_garnettii:0.144329):0.035300,(((saimiri_boliviensis_boliviensis:0.020176,cebus_capucinus:0.027223):0.003237,aotus_nancymaae:0.021661):0.062130,(((((pan_paniscus:0.002057,pan_troglodytes:0.000004):0.004542,homo_sapiens:0.009931):0.000004,gorilla_gorilla:0.012979):0.010267,nomascus_leucogenys:0.021623):0.005538,(((rhinopithecus_roxellana:0.000004,rhinopithecus_bieti:0.002064):0.009678,colobus_angolensis_palliatus:0.008245):0.004839,(chlorocebus_sabaeus:0.008320,((mandrillus_leucophaeus:0.010399,cercocebus_atys:0.000004):0.006222,((macaca_mulatta:0.002062,macaca_fascicularis:0.000004):0.000004,macaca_nemestrina:0.000004):0.002063):0.000004):0.004357):0.012837):0.013653):0.082352):0.000647):0.024548,(sorex_araneus:0.214665,(((sus_scrofa:0.209317,equus_caballus:0.098648):0.000004,(((panthera_pardus:0.002173,panthera_tigris_altaica:0.004442):0.007254,felis_catus:0.010661):0.081083,(canis_familiaris:0.084002,(mustela_putorius_furo:0.070183,ailuropoda_melanoleuca:0.035388):0.008894):0.011442):0.047751):0.000004,(pteropus_vampyrus:0.166241,myotis_lucifugus:0.078653):0.026093):0.015160):0.010073):0.116959);
