Taxa bit representation:
39 11111111111111111111111111111111111111
loxodonta_africana 10000000000000000000000000000000000000
40 01111111111111111111111111111111111111
41 01111111111111111111111111100000000000
42 01111111000000000000000000000000000000
43 01111100000000000000000000000000000000
44 01111000000000000000000000000000000000
45 01110000000000000000000000000000000000
46 01100000000000000000000000000000000000
cavia_porcellus 01000000000000000000000000000000000000
chinchilla_lanigera 00100000000000000000000000000000000000
octodon_degus 00010000000000000000000000000000000000
fukomys_damarensis 00001000000000000000000000000000000000
ictidomys_tridecemlineatus 00000100000000000000000000000000000000
47 00000011000000000000000000000000000000
dipodomys_ordii 00000010000000000000000000000000000000
jaculus_jaculus 00000001000000000000000000000000000000
48 00000000111111111111111111100000000000
49 00000000110000000000000000000000000000
propithecus_coquereli 00000000100000000000000000000000000000
otolemur_garnettii 00000000010000000000000000000000000000
50 00000000001111111111111111100000000000
51 00000000001110000000000000000000000000
52 00000000001100000000000000000000000000
saimiri_boliviensis_boliviensis 00000000001000000000000000000000000000
cebus_capucinus 00000000000100000000000000000000000000
aotus_nancymaae 00000000000010000000000000000000000000
53 00000000000001111111111111100000000000
54 00000000000001111100000000000000000000
55 00000000000001111000000000000000000000
56 00000000000001110000000000000000000000
57 00000000000001100000000000000000000000
pan_paniscus 00000000000001000000000000000000000000
pan_troglodytes 00000000000000100000000000000000000000
homo_sapiens 00000000000000010000000000000000000000
gorilla_gorilla 00000000000000001000000000000000000000
nomascus_leucogenys 00000000000000000100000000000000000000
58 00000000000000000011111111100000000000
59 00000000000000000011100000000000000000
60 00000000000000000011000000000000000000
rhinopithecus_roxellana 00000000000000000010000000000000000000
rhinopithecus_bieti 00000000000000000001000000000000000000
colobus_angolensis_palliatus 00000000000000000000100000000000000000
61 00000000000000000000011111100000000000
chlorocebus_sabaeus 00000000000000000000010000000000000000
62 00000000000000000000001111100000000000
63 00000000000000000000001100000000000000
mandrillus_leucophaeus 00000000000000000000001000000000000000
cercocebus_atys 00000000000000000000000100000000000000
64 00000000000000000000000011100000000000
65 00000000000000000000000011000000000000
macaca_mulatta 00000000000000000000000010000000000000
macaca_fascicularis 00000000000000000000000001000000000000
macaca_nemestrina 00000000000000000000000000100000000000
66 00000000000000000000000000011111111111
sorex_araneus 00000000000000000000000000010000000000
67 00000000000000000000000000001111111111
68 00000000000000000000000000001111111100
69 00000000000000000000000000001100000000
sus_scrofa 00000000000000000000000000001000000000
equus_caballus 00000000000000000000000000000100000000
70 00000000000000000000000000000011111100
71 00000000000000000000000000000011100000
72 00000000000000000000000000000011000000
panthera_pardus 00000000000000000000000000000010000000
panthera_tigris_altaica 00000000000000000000000000000001000000
felis_catus 00000000000000000000000000000000100000
73 00000000000000000000000000000000011100
canis_familiaris 00000000000000000000000000000000010000
74 00000000000000000000000000000000001100
mustela_putorius_furo 00000000000000000000000000000000001000
ailuropoda_melanoleuca 00000000000000000000000000000000000100
75 00000000000000000000000000000000000011
pteropus_vampyrus 00000000000000000000000000000000000010
myotis_lucifugus 00000000000000000000000000000000000001
Clade List (<taxon members> = <clade name>): 

>Dataset_0__partition_1
[0,I,0.05217,10000000000000000000000000000000000000,8,346:347:348:349:350:351:352:353]
[1,I,0.07071,01111111111111111111111111111111111111,11,128:130:132:133:134:135:136:137:138:139:140]
[2,I,0.07501,01111111111111111111111111111111111111,3,227:228:229]
[3,I,0.14003,01111111111111111111111111100000000000,1,71]
[4,I,0.1658,01111111000000000000000000000000000000,3,242:243:244]
[5,D,0.34861,01100000000000000000000000000000000000,6,60:61:62:63:64:65]
[6,I,0.35527,01100000000000000000000000000000000000,1,289]
[7,I,0.39441,00100000000000000000000000000000000000,1,112]
[8,I,0.40274,00100000000000000000000000000000000000,1,129]
[9,I,0.40584,00100000000000000000000000000000000000,1,180]
[10,D,0.43624,00100000000000000000000000000000000000,1,39]
[11,I,0.35475,00010000000000000000000000000000000000,3,88:89:90]
[12,D,0.40861,00010000000000000000000000000000000000,2,324:325]
[13,I,0.38653,00001000000000000000000000000000000000,1,211]
[14,I,0.40249,00001000000000000000000000000000000000,1,168]
[15,D,0.41044,00001000000000000000000000000000000000,2,342:343]
[16,D,0.46251,00001000000000000000000000000000000000,1,162]
[17,I,0.18529,00000100000000000000000000000000000000,1,38]
[18,D,0.18795,00000100000000000000000000000000000000,5,258:261:262:263:264]
[19,I,0.35231,00000100000000000000000000000000000000,4,44:45:46:47]
[20,D,0.37228,00000100000000000000000000000000000000,3,123:124:125]
[21,D,0.18598,00000011000000000000000000000000000000,9,58:59:60:61:62:63:64:65:66]
[22,D,0.18976,00000011000000000000000000000000000000,2,366:367]
[23,I,0.21775,00000011000000000000000000000000000000,3,19:20:21]
[24,D,0.2781,00000010000000000000000000000000000000,1,76]
[25,I,0.30663,00000010000000000000000000000000000000,1,96]
[26,I,0.35269,00000010000000000000000000000000000000,1,147]
[27,I,0.35523,00000010000000000000000000000000000000,1,336]
[28,D,0.26125,00000001000000000000000000000000000000,1,141]
[29,D,0.27445,00000001000000000000000000000000000000,1,297]
[30,D,0.27562,00000001000000000000000000000000000000,1,262]
[31,I,0.3112,00000001000000000000000000000000000000,1,159]
[32,D,0.35054,00000001000000000000000000000000000000,1,188]
[33,I,0.43019,00000001000000000000000000000000000000,5,272:273:274:275:276]
[34,D,0.44844,00000001000000000000000000000000000000,1,132]
[35,D,0.15131,00000000111111111111111111100000000000,1,172]
[36,D,0.19668,00000000100000000000000000000000000000,1,73]
[37,I,0.2257,00000000100000000000000000000000000000,6,6:7:8:9:10:11]
[38,I,0.19865,00000000010000000000000000000000000000,1,210]
[39,I,0.44006,00000000010000000000000000000000000000,1,131]
[40,I,0.44785,00000000010000000000000000000000000000,4,331:332:333:334]
[41,I,0.23974,00000000001100000000000000000000000000,1,67]
[42,I,0.2553,00000000000100000000000000000000000000,1,206]
[43,I,0.24849,00000000000010000000000000000000000000,1,387]
[44,I,0.22157,00000000000001111100000000000000000000,1,193]
[45,D,0.24878,00000000000001000000000000000000000000,2,258:261]
[46,I,0.24919,00000000000001000000000000000000000000,6,49:50:51:52:53:54]
[47,I,0.24022,00000000000000000011000000000000000000,1,253]
[48,D,0.24497,00000000000000000010000000000000000000,1,277]
[49,D,0.24799,00000000000000000001000000000000000000,1,355]
[50,I,0.25097,00000000000000000000100000000000000000,1,164]
[51,D,0.24043,00000000000000000000010000000000000000,2,360:361]
[52,I,0.35419,00000000000000000000000010000000000000,1,82]
[53,D,0.43626,00000000000000000000000010000000000000,1,205]
[54,D,0.30378,00000000000000000000000000010000000000,1,105]
[55,I,0.30979,00000000000000000000000000010000000000,2,255:256]
[56,I,0.11238,00000000000000000000000000001111111111,2,259:260]
[57,I,0.17597,00000000000000000000000000001000000000,1,214]
[58,I,0.15565,00000000000000000000000000000100000000,9,309:310:311:312:313:314:315:316:317]
[59,I,0.24073,00000000000000000000000000000100000000,3,26:27:28]
[60,I,0.25748,00000000000000000000000000000100000000,1,24]
[61,I,0.13255,00000000000000000000000000000011111100,3,35:36:37]
[62,D,0.15962,00000000000000000000000000000011100000,1,271]
[63,I,0.18504,00000000000000000000000000000011100000,1,145]
[64,I,0.22479,00000000000000000000000000000011100000,1,106]
[65,I,0.20111,00000000000000000000000000000000000100,1,368]
[66,D,0.20556,00000000000000000000000000000000000100,3,32:33:34]
[67,D,0.1308,00000000000000000000000000000000000011,11,86:87:91:92:93:94:95:97:98:99:100]
[68,D,0.20393,00000000000000000000000000000000000010,1,319]
[69,D,0.21024,00000000000000000000000000000000000001,1,75]
[70,I,0.2137,00000000000000000000000000000000000001,3,41:42:43]

GUIDE_TREE_PARTITION1=(loxodonta_africana:0.086162,(((((((cavia_porcellus:0.091007,chinchilla_lanigera:0.115656):0.025259,octodon_degus:0.103771):0.000004,fukomys_damarensis:0.138828):0.156626,ictidomys_tridecemlineatus:0.292732):0.000004,(dipodomys_ordii:0.210202,jaculus_jaculus:0.290166):0.046822):0.026220,((propithecus_coquereli:0.114969,otolemur_garnettii:0.290429):0.044601,(((saimiri_boliviensis_boliviensis:0.038745,cebus_capucinus:0.029655):0.011261,aotus_nancymaae:0.048630):0.037726,(((((pan_paniscus:0.004059,pan_troglodytes:0.000004):0.003946,homo_sapiens:0.020755):0.000004,gorilla_gorilla:0.004185):0.020196,nomascus_leucogenys:0.033613):0.004711,(((rhinopithecus_roxellana:0.000004,rhinopithecus_bieti:0.004076):0.004929,colobus_angolensis_palliatus:0.024256):0.020614,(chlorocebus_sabaeus:0.029118,((mandrillus_leucophaeus:0.016701,cercocebus_atys:0.008316):0.008241,((macaca_mulatta:0.246141,macaca_fascicularis:0.000004):0.000004,macaca_nemestrina:0.004099):0.000004):0.004110):0.004069):0.000004):0.018661):0.048935):0.004379):0.062405,(sorex_araneus:0.301209,(((sus_scrofa:0.128070,equus_caballus:0.131534):0.023317,(((panthera_pardus:0.006742,panthera_tigris_altaica:0.000004):0.006510,felis_catus:0.012768):0.084218,(canis_familiaris:0.030874,(mustela_putorius_furo:0.045961,ailuropoda_melanoleuca:0.033915):0.021987):0.011882):0.026904):0.003747,(pteropus_vampyrus:0.097379,myotis_lucifugus:0.093658):0.011860):0.021494):0.014705):0.085030);
